<?xml version="1.0" encoding="UTF-8" ?>
<testsuite tests="1" failures="1" name="ca.bytetube.community.dao.AreaDaoTest" time="0.302" errors="0" skipped="0">
  <properties>
[...]
</properties>
  <testcase classname="ca.bytetube.community.dao.AreaDaoTest" name="testQueryArea" time="0.302">
    <failure message="expected:&lt;montreal&gt; but was:&lt;null&gt;" type="java.lang.AssertionError">java.lang.AssertionError: expected:&lt;montreal&gt; but was:&lt;null&gt;
	at org.junit.Assert.fail(Assert.java:88)
	at org.junit.Assert.failNotEquals(Assert.java:834)
	at org.junit.Assert.assertEquals(Assert.java:118)
	at org.junit.Assert.assertEquals(Assert.java:144)
	at ca.bytetube.community.dao.AreaDaoTest.testQueryArea(AreaDaoTest.java:20)
	at sun.reflect.NativeMethodAccessorImpl.invoke0(Native Method)
	at sun.reflect.NativeMethodAccessorImpl.invoke(NativeMethodAccessorImpl.java:62)
	at sun.reflect.DelegatingMethodAccessorImpl.invoke(DelegatingMethodAccessorImpl.java:43)
	at java.lang.reflect.Method.invoke(Method.java:498)
	at org.junit.runners.model.FrameworkMethod$1.runReflectiveCall(FrameworkMethod.java:50)
	at org.junit.internal.runners.model.ReflectiveCallable.run(ReflectiveCallable.java:12)
	at org.junit.runners.model.FrameworkMethod.invokeExplosively(FrameworkMethod.java:47)
	at org.junit.internal.runners.statements.InvokeMethod.evaluate(InvokeMethod.java:17)
	at org.springframework.test.context.junit4.statements.RunBeforeTestExecutionCallbacks.evaluate(RunBeforeTestExecutionCallbacks.java:74)
	at org.springframework.test.context.junit4.statements.RunAfterTestExecutionCallbacks.evaluate(RunAfterTestExecutionCallbacks.java:84)
	at org.springframework.test.context.junit4.statements.RunBeforeTestMethodCallbacks.evaluate(RunBeforeTestMethodCallbacks.java:75)
	at org.springframework.test.context.junit4.statements.RunAfterTestMethodCallbacks.evaluate(RunAfterTestMethodCallbacks.java:86)
	at org.springframework.test.context.junit4.statements.SpringRepeat.evaluate(SpringRepeat.java:84)
	at org.junit.runners.ParentRunner.runLeaf(ParentRunner.java:325)
	at org.springframework.test.context.junit4.SpringJUnit4ClassRunner.runChild(SpringJUnit4ClassRunner.java:251)
	at org.springframework.test.context.junit4.SpringJUnit4ClassRunner.runChild(SpringJUnit4ClassRunner.java:97)
	at org.junit.runners.ParentRunner$3.run(ParentRunner.java:290)
	at org.junit.runners.ParentRunner$1.schedule(ParentRunner.java:71)
	at org.junit.runners.ParentRunner.runChildren(ParentRunner.java:288)
	at org.junit.runners.ParentRunner.access$000(ParentRunner.java:58)
	at org.junit.runners.ParentRunner$2.evaluate(ParentRunner.java:268)
	at org.springframework.test.context.junit4.statements.RunBeforeTestClassCallbacks.evaluate(RunBeforeTestClassCallbacks.java:61)
	at org.springframework.test.context.junit4.statements.RunAfterTestClassCallbacks.evaluate(RunAfterTestClassCallbacks.java:70)
	at org.junit.runners.ParentRunner.run(ParentRunner.java:363)
	at org.springframework.test.context.junit4.SpringJUnit4ClassRunner.run(SpringJUnit4ClassRunner.java:190)
	at org.apache.maven.surefire.junit4.JUnit4Provider.execute(JUnit4Provider.java:252)
	at org.apache.maven.surefire.junit4.JUnit4Provider.executeTestSet(JUnit4Provider.java:141)
	at org.apache.maven.surefire.junit4.JUnit4Provider.invoke(JUnit4Provider.java:112)
	at sun.reflect.NativeMethodAccessorImpl.invoke0(Native Method)
	at sun.reflect.NativeMethodAccessorImpl.invoke(NativeMethodAccessorImpl.java:62)
	at sun.reflect.DelegatingMethodAccessorImpl.invoke(DelegatingMethodAccessorImpl.java:43)
	at java.lang.reflect.Method.invoke(Method.java:498)
	at org.apache.maven.surefire.util.ReflectionUtils.invokeMethodWithArray(ReflectionUtils.java:189)
	at org.apache.maven.surefire.booter.ProviderFactory$ProviderProxy.invoke(ProviderFactory.java:165)
	at org.apache.maven.surefire.booter.ProviderFactory.invokeProvider(ProviderFactory.java:85)
	at org.apache.maven.surefire.booter.ForkedBooter.runSuitesInProcess(ForkedBooter.java:115)
	at org.apache.maven.surefire.booter.ForkedBooter.main(ForkedBooter.java:75)
</failure>
    <system-out>21:35:00,520 |-INFO in ch.qos.logback.classic.LoggerContext[default] - Could NOT find resource [logback-test.xml]
21:35:00,521 |-INFO in ch.qos.logback.classic.LoggerContext[default] - Could NOT find resource [logback.groovy]
21:35:00,521 |-INFO in ch.qos.logback.classic.LoggerContext[default] - Found resource [logback.xml] at [file:/Users/tippi/Desktop/Ideal%20Project%2015/Phase3%20FrameWork/projects/CommunityApp/target/classes/logback.xml]
21:35:00,545 |-INFO in ch.qos.logback.classic.joran.action.ConfigurationAction - debug attribute not set
21:35:00,548 |-INFO in ch.qos.logback.classic.joran.action.ConfigurationAction - Will scan for changes in [file:/Users/tippi/Desktop/Ideal%20Project%2015/Phase3%20FrameWork/projects/CommunityApp/target/classes/logback.xml] 
21:35:00,548 |-INFO in ch.qos.logback.classic.joran.action.ConfigurationAction - Setting ReconfigureOnChangeTask scanning period to 1 minutes
21:35:00,550 |-ERROR in ch.qos.logback.core.joran.spi.Interpreter@7:90 - RuntimeException in Action for tag [property] java.lang.IllegalArgumentException: All tokens consumed but was expecting &quot;}&quot;
	at java.lang.IllegalArgumentException: All tokens consumed but was expecting &quot;}&quot;
	at 	at ch.qos.logback.core.subst.Parser.expectNotNull(Parser.java:143)
	at 	at ch.qos.logback.core.subst.Parser.expectCurlyRight(Parser.java:148)
	at 	at ch.qos.logback.core.subst.Parser.T(Parser.java:84)
	at 	at ch.qos.logback.core.subst.Parser.E(Parser.java:51)
	at 	at ch.qos.logback.core.subst.Parser.Eopt(Parser.java:68)
	at 	at ch.qos.logback.core.subst.Parser.E(Parser.java:55)
	at 	at ch.qos.logback.core.subst.Parser.parse(Parser.java:47)
	at 	at ch.qos.logback.core.subst.NodeToStringTransformer.tokenizeAndParseString(NodeToStringTransformer.java:55)
	at 	at ch.qos.logback.core.subst.NodeToStringTransformer.substituteVariable(NodeToStringTransformer.java:46)
	at 	at ch.qos.logback.core.util.OptionHelper.substVars(OptionHelper.java:112)
	at 	at ch.qos.logback.core.joran.spi.InterpretationContext.subst(InterpretationContext.java:157)
	at 	at ch.qos.logback.core.joran.action.PropertyAction.begin(PropertyAction.java:94)
	at 	at ch.qos.logback.core.joran.spi.Interpreter.callBeginAction(Interpreter.java:269)
	at 	at ch.qos.logback.core.joran.spi.Interpreter.startElement(Interpreter.java:145)
	at 	at ch.qos.logback.core.joran.spi.Interpreter.startElement(Interpreter.java:128)
	at 	at ch.qos.logback.core.joran.spi.EventPlayer.play(EventPlayer.java:50)
	at 	at ch.qos.logback.core.joran.GenericConfigurator.doConfigure(GenericConfigurator.java:165)
	at 	at ch.qos.logback.core.joran.GenericConfigurator.doConfigure(GenericConfigurator.java:152)
	at 	at ch.qos.logback.core.joran.GenericConfigurator.doConfigure(GenericConfigurator.java:110)
	at 	at ch.qos.logback.core.joran.GenericConfigurator.doConfigure(GenericConfigurator.java:53)
	at 	at ch.qos.logback.classic.util.ContextInitializer.configureByResource(ContextInitializer.java:75)
	at 	at ch.qos.logback.classic.util.ContextInitializer.autoConfig(ContextInitializer.java:150)
	at 	at org.slf4j.impl.StaticLoggerBinder.init(StaticLoggerBinder.java:84)
	at 	at org.slf4j.impl.StaticLoggerBinder.&lt;clinit&gt;(StaticLoggerBinder.java:55)
	at 	at org.slf4j.LoggerFactory.bind(LoggerFactory.java:150)
	at 	at org.slf4j.LoggerFactory.performInitialization(LoggerFactory.java:124)
	at 	at org.slf4j.LoggerFactory.getILoggerFactory(LoggerFactory.java:412)
	at 	at org.slf4j.LoggerFactory.getLogger(LoggerFactory.java:357)
	at 	at org.apache.commons.logging.LogAdapter$Slf4jAdapter.createLocationAwareLog(LogAdapter.java:130)
	at 	at org.apache.commons.logging.LogAdapter.createLog(LogAdapter.java:91)
	at 	at org.apache.commons.logging.LogFactoryService.getInstance(LogFactoryService.java:46)
	at 	at org.apache.commons.logging.LogFactoryService.getInstance(LogFactoryService.java:41)
	at 	at org.apache.commons.logging.LogFactory.getLog(LogFactory.java:351)
	at 	at org.springframework.test.context.junit4.SpringJUnit4ClassRunner.&lt;clinit&gt;(SpringJUnit4ClassRunner.java:99)
	at 	at sun.reflect.NativeConstructorAccessorImpl.newInstance0(Native Method)
	at 	at sun.reflect.NativeConstructorAccessorImpl.newInstance(NativeConstructorAccessorImpl.java:62)
	at 	at sun.reflect.DelegatingConstructorAccessorImpl.newInstance(DelegatingConstructorAccessorImpl.java:45)
	at 	at java.lang.reflect.Constructor.newInstance(Constructor.java:423)
	at 	at org.junit.internal.builders.AnnotatedBuilder.buildRunner(AnnotatedBuilder.java:104)
	at 	at org.junit.internal.builders.AnnotatedBuilder.runnerForClass(AnnotatedBuilder.java:86)
	at 	at org.junit.runners.model.RunnerBuilder.safeRunnerForClass(RunnerBuilder.java:59)
	at 	at org.junit.internal.builders.AllDefaultPossibilitiesBuilder.runnerForClass(AllDefaultPossibilitiesBuilder.java:26)
	at 	at org.junit.runners.model.RunnerBuilder.safeRunnerForClass(RunnerBuilder.java:59)
	at 	at org.junit.internal.requests.ClassRequest.getRunner(ClassRequest.java:33)
	at 	at org.apache.maven.surefire.junit4.JUnit4Provider.execute(JUnit4Provider.java:250)
	at 	at org.apache.maven.surefire.junit4.JUnit4Provider.executeTestSet(JUnit4Provider.java:141)
	at 	at org.apache.maven.surefire.junit4.JUnit4Provider.invoke(JUnit4Provider.java:112)
	at 	at sun.reflect.NativeMethodAccessorImpl.invoke0(Native Method)
	at 	at sun.reflect.NativeMethodAccessorImpl.invoke(NativeMethodAccessorImpl.java:62)
	at 	at sun.reflect.DelegatingMethodAccessorImpl.invoke(DelegatingMethodAccessorImpl.java:43)
	at 	at java.lang.reflect.Method.invoke(Method.java:498)
	at 	at org.apache.maven.surefire.util.ReflectionUtils.invokeMethodWithArray(ReflectionUtils.java:189)
	at 	at org.apache.maven.surefire.booter.ProviderFactory$ProviderProxy.invoke(ProviderFactory.java:165)
	at 	at org.apache.maven.surefire.booter.ProviderFactory.invokeProvider(ProviderFactory.java:85)
	at 	at org.apache.maven.surefire.booter.ForkedBooter.runSuitesInProcess(ForkedBooter.java:115)
	at 	at org.apache.maven.surefire.booter.ForkedBooter.main(ForkedBooter.java:75)
21:35:00,550 |-INFO in ch.qos.logback.core.joran.action.AppenderAction - About to instantiate appender of type [ch.qos.logback.core.ConsoleAppender]
21:35:00,552 |-INFO in ch.qos.logback.core.joran.action.AppenderAction - Naming appender as [consoleAppender]
21:35:00,554 |-INFO in ch.qos.logback.core.joran.action.NestedComplexPropertyIA - Assuming default type [ch.qos.logback.classic.encoder.PatternLayoutEncoder] for [encoder] property
21:35:00,564 |-INFO in ch.qos.logback.core.joran.action.AppenderAction - About to instantiate appender of type [ch.qos.logback.core.rolling.RollingFileAppender]
21:35:00,565 |-INFO in ch.qos.logback.core.joran.action.AppenderAction - Naming appender as [debugAppender]
21:35:00,576 |-INFO in c.q.l.core.rolling.TimeBasedRollingPolicy@832947102 - Will use gz compression
21:35:00,577 |-INFO in c.q.l.core.rolling.TimeBasedRollingPolicy@832947102 - Will use the pattern catalina.base_IS_UNDEFINED/logs/webapps/debug/debug.%d{yyyy-MM-dd}.log for the active file
21:35:00,578 |-INFO in c.q.l.core.rolling.DefaultTimeBasedFileNamingAndTriggeringPolicy - The date pattern is &apos;yyyy-MM-dd&apos; from file name pattern &apos;catalina.base_IS_UNDEFINED/logs/webapps/debug/debug.%d{yyyy-MM-dd}.log.gz&apos;.
21:35:00,578 |-INFO in c.q.l.core.rolling.DefaultTimeBasedFileNamingAndTriggeringPolicy - Roll-over at midnight.
21:35:00,579 |-INFO in c.q.l.core.rolling.DefaultTimeBasedFileNamingAndTriggeringPolicy - Setting initial period to Tue Jun 06 21:31:22 EDT 2023
21:35:00,580 |-ERROR in ch.qos.logback.core.joran.spi.Interpreter@19:17 - no applicable action for [encore], current ElementPath  is [[configuration][appender][encore]]
21:35:00,580 |-ERROR in ch.qos.logback.core.joran.spi.Interpreter@20:22 - no applicable action for [pattern], current ElementPath  is [[configuration][appender][encore][pattern]]
21:35:00,581 |-INFO in ch.qos.logback.core.rolling.RollingFileAppender[debugAppender] - Active log file name: catalina.base_IS_UNDEFINED/logs/webapps/debug.log
21:35:00,581 |-INFO in ch.qos.logback.core.rolling.RollingFileAppender[debugAppender] - File property is set to [catalina.base_IS_UNDEFINED/logs/webapps/debug.log]
21:35:00,581 |-WARN in ch.qos.logback.core.rolling.RollingFileAppender[debugAppender] - Encoder has not been set. Cannot invoke its init method.
21:35:00,581 |-ERROR in ch.qos.logback.core.rolling.RollingFileAppender[debugAppender] - No encoder set for the appender named &quot;debugAppender&quot;.
21:35:00,581 |-INFO in ch.qos.logback.core.joran.action.AppenderAction - About to instantiate appender of type [ch.qos.logback.core.rolling.RollingFileAppender]
21:35:00,581 |-INFO in ch.qos.logback.core.joran.action.AppenderAction - Naming appender as [infoAppender]
21:35:00,582 |-INFO in c.q.l.core.rolling.TimeBasedRollingPolicy@1061804750 - Will use gz compression
21:35:00,582 |-INFO in c.q.l.core.rolling.TimeBasedRollingPolicy@1061804750 - Will use the pattern catalina.base_IS_UNDEFINED/logs/webapps/info/info.%d{yyyy-MM-dd}.log for the active file
21:35:00,582 |-INFO in c.q.l.core.rolling.DefaultTimeBasedFileNamingAndTriggeringPolicy - The date pattern is &apos;yyyy-MM-dd&apos; from file name pattern &apos;catalina.base_IS_UNDEFINED/logs/webapps/info/info.%d{yyyy-MM-dd}.log.gz&apos;.
21:35:00,582 |-INFO in c.q.l.core.rolling.DefaultTimeBasedFileNamingAndTriggeringPolicy - Roll-over at midnight.
21:35:00,582 |-INFO in c.q.l.core.rolling.DefaultTimeBasedFileNamingAndTriggeringPolicy - Setting initial period to Tue Jun 06 21:31:22 EDT 2023
21:35:00,582 |-INFO in ch.qos.logback.core.joran.action.NestedComplexPropertyIA - Assuming default type [ch.qos.logback.classic.encoder.PatternLayoutEncoder] for [encoder] property
21:35:00,583 |-INFO in ch.qos.logback.core.rolling.RollingFileAppender[infoAppender] - Active log file name: catalina.base_IS_UNDEFINED/logs/webapps/info.log
21:35:00,583 |-INFO in ch.qos.logback.core.rolling.RollingFileAppender[infoAppender] - File property is set to [catalina.base_IS_UNDEFINED/logs/webapps/info.log]
21:35:00,583 |-INFO in ch.qos.logback.core.joran.action.AppenderAction - About to instantiate appender of type [ch.qos.logback.core.rolling.RollingFileAppender]
21:35:00,583 |-INFO in ch.qos.logback.core.joran.action.AppenderAction - Naming appender as [errorAppender]
21:35:00,583 |-INFO in c.q.l.core.rolling.TimeBasedRollingPolicy@507084503 - Will use gz compression
21:35:00,583 |-INFO in c.q.l.core.rolling.TimeBasedRollingPolicy@507084503 - Will use the pattern catalina.base_IS_UNDEFINED/logs/webapps/error/error.%d{yyyy-MM-dd}.log for the active file
21:35:00,583 |-INFO in c.q.l.core.rolling.DefaultTimeBasedFileNamingAndTriggeringPolicy - The date pattern is &apos;yyyy-MM-dd&apos; from file name pattern &apos;catalina.base_IS_UNDEFINED/logs/webapps/error/error.%d{yyyy-MM-dd}.log.gz&apos;.
21:35:00,583 |-INFO in c.q.l.core.rolling.DefaultTimeBasedFileNamingAndTriggeringPolicy - Roll-over at midnight.
21:35:00,584 |-INFO in c.q.l.core.rolling.DefaultTimeBasedFileNamingAndTriggeringPolicy - Setting initial period to Tue Jun 06 21:31:22 EDT 2023
21:35:00,584 |-INFO in ch.qos.logback.core.joran.action.NestedComplexPropertyIA - Assuming default type [ch.qos.logback.classic.encoder.PatternLayoutEncoder] for [encoder] property
21:35:00,584 |-INFO in ch.qos.logback.core.rolling.RollingFileAppender[errorAppender] - Active log file name: catalina.base_IS_UNDEFINED/logs/webapps/error.log
21:35:00,584 |-INFO in ch.qos.logback.core.rolling.RollingFileAppender[errorAppender] - File property is set to [catalina.base_IS_UNDEFINED/logs/webapps/error.log]
21:35:00,584 |-INFO in ch.qos.logback.classic.joran.action.LoggerAction - Setting level of logger [ca.bytetube.communityApp] to DEBUG
21:35:00,584 |-INFO in ch.qos.logback.classic.joran.action.LoggerAction - Setting additivity of logger [ca.bytetube.communityApp] to true
21:35:00,584 |-INFO in ch.qos.logback.core.joran.action.AppenderRefAction - Attaching appender named [debugAppender] to Logger[ca.bytetube.communityApp]
21:35:00,584 |-INFO in ch.qos.logback.core.joran.action.AppenderRefAction - Attaching appender named [infoAppender] to Logger[ca.bytetube.communityApp]
21:35:00,584 |-INFO in ch.qos.logback.core.joran.action.AppenderRefAction - Attaching appender named [errorAppender] to Logger[ca.bytetube.communityApp]
21:35:00,585 |-INFO in ch.qos.logback.classic.joran.action.RootLoggerAction - Setting level of ROOT logger to INFO
21:35:00,585 |-INFO in ch.qos.logback.core.joran.action.AppenderRefAction - Attaching appender named [consoleAppender] to Logger[ROOT]
21:35:00,585 |-INFO in ch.qos.logback.classic.joran.action.ConfigurationAction - End of configuration.
21:35:00,585 |-INFO in ch.qos.logback.classic.joran.JoranConfigurator@490ab905 - Registering current configuration as safe fallback point

log.pattern_IS_UNDEFINEDlog.pattern_IS_UNDEFINEDlog.pattern_IS_UNDEFINEDlog.pattern_IS_UNDEFINEDlog.pattern_IS_UNDEFINEDlog.pattern_IS_UNDEFINEDlog.pattern_IS_UNDEFINEDlog.pattern_IS_UNDEFINEDlog.pattern_IS_UNDEFINED</system-out>
    <system-err>Loading class `com.mysql.jdbc.Driver&apos;. This is deprecated. The new driver class is `com.mysql.cj.jdbc.Driver&apos;. The driver is automatically registered via the SPI and manual loading of the driver class is generally unnecessary.
</system-err>
  </testcase>
</testsuite>